\BOOKMARK [1][-]{section.1}{Introduction aux probabilit\351s}{}% 1
\BOOKMARK [2][-]{subsection.1.1}{Exp\351rience al\351atoire}{section.1}% 2
\BOOKMARK [2][-]{subsection.1.2}{Ensemble fondamental }{section.1}% 3
\BOOKMARK [2][-]{subsection.1.3}{Ev\350nement \351l\351mentaire }{section.1}% 4
\BOOKMARK [2][-]{subsection.1.4}{Evenement}{section.1}% 5
\BOOKMARK [2][-]{subsection.1.5}{Ensembliste vs Probabiliste}{section.1}% 6
\BOOKMARK [2][-]{subsection.1.6}{Probabilit\351s}{section.1}% 7
\BOOKMARK [3][-]{subsubsection.1.6.1}{Probabilit\351}{subsection.1.6}% 8
\BOOKMARK [3][-]{subsubsection.1.6.2}{Espace de probabilit\351}{subsection.1.6}% 9
\BOOKMARK [3][-]{subsubsection.1.6.3}{Probabilit\351 \(def 2\)}{subsection.1.6}% 10
\BOOKMARK [3][-]{subsubsection.1.6.4}{Exemple}{subsection.1.6}% 11
\BOOKMARK [2][-]{subsection.1.7}{Univers non d\351nombrable}{section.1}% 12
\BOOKMARK [3][-]{subsubsection.1.7.1}{Fr\351quence relative}{subsection.1.7}% 13
\BOOKMARK [3][-]{subsubsection.1.7.2}{Probabilit\351s de A}{subsection.1.7}% 14
\BOOKMARK [2][-]{subsection.1.8}{Espace probabilis\351}{section.1}% 15
\BOOKMARK [3][-]{subsubsection.1.8.1}{-alg\350bre}{subsection.1.8}% 16
\BOOKMARK [2][-]{subsection.1.9}{Propri\351t\351s des probabilit\351s}{section.1}% 17
\BOOKMARK [3][-]{subsubsection.1.9.1}{In\351galit\351 de Boole}{subsection.1.9}% 18
\BOOKMARK [3][-]{subsubsection.1.9.2}{Formule de Poincar\351}{subsection.1.9}% 19
\BOOKMARK [2][-]{subsection.1.10}{Loi uniforme}{section.1}% 20
\BOOKMARK [3][-]{subsubsection.1.10.1}{D\351finition}{subsection.1.10}% 21
\BOOKMARK [3][-]{subsubsection.1.10.2}{Propri\351t\351}{subsection.1.10}% 22
\BOOKMARK [2][-]{subsection.1.11}{Cardinaux et suites}{section.1}% 23
\BOOKMARK [3][-]{subsubsection.1.11.1}{Proposition}{subsection.1.11}% 24
\BOOKMARK [3][-]{subsubsection.1.11.2}{Suite de longueur r}{subsection.1.11}% 25
\BOOKMARK [3][-]{subsubsection.1.11.3}{Th\351or\350me}{subsection.1.11}% 26
\BOOKMARK [2][-]{subsection.1.12}{Permutations}{section.1}% 27
\BOOKMARK [3][-]{subsubsection.1.12.1}{Principe de d\351nombrement}{subsection.1.12}% 28
\BOOKMARK [3][-]{subsubsection.1.12.2}{Permutation}{subsection.1.12}% 29
\BOOKMARK [3][-]{subsubsection.1.12.3}{Th\351or\350me}{subsection.1.12}% 30
\BOOKMARK [2][-]{subsection.1.13}{Arrangement}{section.1}% 31
\BOOKMARK [3][-]{subsubsection.1.13.1}{D\351finition}{subsection.1.13}% 32
\BOOKMARK [3][-]{subsubsection.1.13.2}{Th\351or\350me}{subsection.1.13}% 33
\BOOKMARK [2][-]{subsection.1.14}{Combinaisons}{section.1}% 34
\BOOKMARK [3][-]{subsubsection.1.14.1}{D\351finition}{subsection.1.14}% 35
\BOOKMARK [3][-]{subsubsection.1.14.2}{Th\351or\350me}{subsection.1.14}% 36
\BOOKMARK [3][-]{subsubsection.1.14.3}{Exemple}{subsection.1.14}% 37
\BOOKMARK [3][-]{subsubsection.1.14.4}{Propositions}{subsection.1.14}% 38
\BOOKMARK [3][-]{subsubsection.1.14.5}{Th\351or\350me \(Formule du bin\364me de Newton\)}{subsection.1.14}% 39
\BOOKMARK [3][-]{subsubsection.1.14.6}{Th\351or\350me \(nombre de parties d'un ensemble\)}{subsection.1.14}% 40
\BOOKMARK [2][-]{subsection.1.15}{Discernables vs Indiscernables}{section.1}% 41
\BOOKMARK [3][-]{subsubsection.1.15.1}{Th\351or\350me}{subsection.1.15}% 42
\BOOKMARK [3][-]{subsubsection.1.15.2}{Exemple : anagramme}{subsection.1.15}% 43
\BOOKMARK [3][-]{subsubsection.1.15.3}{Th\351or\350me}{subsection.1.15}% 44
\BOOKMARK [3][-]{subsubsection.1.15.4}{R\351p\351tions ind\351pendantes}{subsection.1.15}% 45
\BOOKMARK [1][-]{section.2}{Probabilit\351s conditionnelles}{}% 46
\BOOKMARK [2][-]{subsection.2.1}{Probabilit\351 conditionnelle}{section.2}% 47
\BOOKMARK [2][-]{subsection.2.2}{\351v\350nement ind\351pendant}{section.2}% 48
\BOOKMARK [3][-]{subsubsection.2.2.1}{Proposition}{subsection.2.2}% 49
\BOOKMARK [3][-]{subsubsection.2.2.2}{remarque}{subsection.2.2}% 50
\BOOKMARK [2][-]{subsection.2.3}{Famille d'\351v\350nements mutuellement ind\351pendants}{section.2}% 51
\BOOKMARK [3][-]{subsubsection.2.3.1}{D\351finition}{subsection.2.3}% 52
\BOOKMARK [3][-]{subsubsection.2.3.2}{Remarque}{subsection.2.3}% 53
\BOOKMARK [2][-]{subsection.2.4}{Syst\350me complet d'\351v\350nement}{section.2}% 54
\BOOKMARK [3][-]{subsubsection.2.4.1}{D\351finition}{subsection.2.4}% 55
\BOOKMARK [3][-]{subsubsection.2.4.2}{Proposition}{subsection.2.4}% 56
\BOOKMARK [3][-]{subsubsection.2.4.3}{Th\351or\350me des probabilit\351s totales}{subsection.2.4}% 57
\BOOKMARK [2][-]{subsection.2.5}{Formules de Bayes}{section.2}% 58
\BOOKMARK [3][-]{subsubsection.2.5.1}{D\351finition}{subsection.2.5}% 59
\BOOKMARK [3][-]{subsubsection.2.5.2}{Corollaire}{subsection.2.5}% 60
\BOOKMARK [1][-]{section.3}{Probabilit\351s conditionnelles}{}% 61
\BOOKMARK [1][-]{section.4}{Variables al\351atoires discr\350tes}{}% 62
\BOOKMARK [1][-]{section.5}{Couple de variables al\351atoires}{}% 63
\BOOKMARK [1][-]{section.6}{Estimation et intervalles de confiance}{}% 64
\BOOKMARK [1][-]{section.7}{Regression lin\351aire}{}% 65
