This is pdfTeX, Version 3.14159265-2.6-1.40.20 (TeX Live 2019/W32TeX) (preloaded format=pdflatex 2019.10.21)  12 MAR 2021 17:18
entering extended mode
 restricted \write18 enabled.
 file:line:error style messages enabled.
 %&-line parsing enabled.
**"d:/Study/L3/S6/Réseaux II/cours/cours.tex"
(d:/Study/L3/S6/Réseaux II/cours/cours.tex
LaTeX2e <2019-10-01> patch level 1
(c:/texlive/2019/texmf-dist/tex/latex/base/article.cls
Document Class: article 2019/08/27 v1.4j Standard LaTeX document class
(c:/texlive/2019/texmf-dist/tex/latex/base/size10.clo
File: size10.clo 2019/08/27 v1.4j Standard LaTeX file (size option)
)
\c@part=\count80
\c@section=\count81
\c@subsection=\count82
\c@subsubsection=\count83
\c@paragraph=\count84
\c@subparagraph=\count85
\c@figure=\count86
\c@table=\count87
\abovecaptionskip=\skip41
\belowcaptionskip=\skip42
\bibindent=\dimen102
) (c:/texlive/2019/texmf-dist/tex/latex/amsmath/amsmath.sty
Package: amsmath 2019/04/01 v2.17c AMS math features
\@mathmargin=\skip43

For additional information on amsmath, use the `?' option.
(c:/texlive/2019/texmf-dist/tex/latex/amsmath/amstext.sty
Package: amstext 2000/06/29 v2.01 AMS text
 (c:/texlive/2019/texmf-dist/tex/latex/amsmath/amsgen.sty
File: amsgen.sty 1999/11/30 v2.0 generic functions
\@emptytoks=\toks14
\ex@=\dimen103
)) (c:/texlive/2019/texmf-dist/tex/latex/amsmath/amsbsy.sty
Package: amsbsy 1999/11/29 v1.2d Bold Symbols
\pmbraise@=\dimen104
) (c:/texlive/2019/texmf-dist/tex/latex/amsmath/amsopn.sty
Package: amsopn 2016/03/08 v2.02 operator names
)
\inf@bad=\count88
LaTeX Info: Redefining \frac on input line 227.
\uproot@=\count89
\leftroot@=\count90
LaTeX Info: Redefining \overline on input line 389.
\classnum@=\count91
\DOTSCASE@=\count92
LaTeX Info: Redefining \ldots on input line 486.
LaTeX Info: Redefining \dots on input line 489.
LaTeX Info: Redefining \cdots on input line 610.
\Mathstrutbox@=\box27
\strutbox@=\box28
\big@size=\dimen105
LaTeX Font Info:    Redeclaring font encoding OML on input line 733.
LaTeX Font Info:    Redeclaring font encoding OMS on input line 734.
\macc@depth=\count93
\c@MaxMatrixCols=\count94
\dotsspace@=\muskip10
\c@parentequation=\count95
\dspbrk@lvl=\count96
\tag@help=\toks15
\row@=\count97
\column@=\count98
\maxfields@=\count99
\andhelp@=\toks16
\eqnshift@=\dimen106
\alignsep@=\dimen107
\tagshift@=\dimen108
\tagwidth@=\dimen109
\totwidth@=\dimen110
\lineht@=\dimen111
\@envbody=\toks17
\multlinegap=\skip44
\multlinetaggap=\skip45
\mathdisplay@stack=\toks18
LaTeX Info: Redefining \[ on input line 2855.
LaTeX Info: Redefining \] on input line 2856.
) (c:/texlive/2019/texmf-dist/tex/latex/base/inputenc.sty
Package: inputenc 2018/08/11 v1.3c Input encoding file
\inpenc@prehook=\toks19
\inpenc@posthook=\toks20
) (c:/texlive/2019/texmf-dist/tex/latex/base/fontenc.sty
Package: fontenc 2018/08/11 v2.0j Standard LaTeX package
 (c:/texlive/2019/texmf-dist/tex/latex/base/t1enc.def
File: t1enc.def 2018/08/11 v2.0j Standard LaTeX file
LaTeX Font Info:    Redeclaring font encoding T1 on input line 48.
)) (c:/texlive/2019/texmf-dist/tex/latex/graphics/graphicx.sty
Package: graphicx 2017/06/01 v1.1a Enhanced LaTeX Graphics (DPC,SPQR)
 (c:/texlive/2019/texmf-dist/tex/latex/graphics/keyval.sty
Package: keyval 2014/10/28 v1.15 key=value parser (DPC)
\KV@toks@=\toks21
) (c:/texlive/2019/texmf-dist/tex/latex/graphics/graphics.sty
Package: graphics 2019/10/08 v1.3c Standard LaTeX Graphics (DPC,SPQR)
 (c:/texlive/2019/texmf-dist/tex/latex/graphics/trig.sty
Package: trig 2016/01/03 v1.10 sin cos tan (DPC)
) (c:/texlive/2019/texmf-dist/tex/latex/graphics-cfg/graphics.cfg
File: graphics.cfg 2016/06/04 v1.11 sample graphics configuration
)
Package graphics Info: Driver file: pdftex.def on input line 105.
 (c:/texlive/2019/texmf-dist/tex/latex/graphics-def/pdftex.def
File: pdftex.def 2018/01/08 v1.0l Graphics/color driver for pdftex
))
\Gin@req@height=\dimen112
\Gin@req@width=\dimen113
) (c:/texlive/2019/texmf-dist/tex/latex/hyperref/hyperref.sty
Package: hyperref 2019/09/28 v7.00a Hypertext links for LaTeX
 (c:/texlive/2019/texmf-dist/tex/generic/oberdiek/hobsub-hyperref.sty
Package: hobsub-hyperref 2016/05/16 v1.14 Bundle oberdiek, subset hyperref (HO)
 (c:/texlive/2019/texmf-dist/tex/generic/oberdiek/hobsub-generic.sty
Package: hobsub-generic 2016/05/16 v1.14 Bundle oberdiek, subset generic (HO)
Package: hobsub 2016/05/16 v1.14 Construct package bundles (HO)
Package: infwarerr 2016/05/16 v1.4 Providing info/warning/error messages (HO)
Package: ltxcmds 2016/05/16 v1.23 LaTeX kernel commands for general use (HO)
Package: ifluatex 2016/05/16 v1.4 Provides the ifluatex switch (HO)
Package ifluatex Info: LuaTeX not detected.
Package: ifvtex 2016/05/16 v1.6 Detect VTeX and its facilities (HO)
Package ifvtex Info: VTeX not detected.
Package: intcalc 2016/05/16 v1.2 Expandable calculations with integers (HO)
Package: ifpdf 2018/09/07 v3.3 Provides the ifpdf switch
Package: etexcmds 2016/05/16 v1.6 Avoid name clashes with e-TeX commands (HO)
Package: kvsetkeys 2016/05/16 v1.17 Key value parser (HO)
Package: kvdefinekeys 2016/05/16 v1.4 Define keys (HO)
Package: pdftexcmds 2019/07/25 v0.30 Utility functions of pdfTeX for LuaTeX (HO)
Package pdftexcmds Info: LuaTeX not detected.
Package pdftexcmds Info: \pdf@primitive is available.
Package pdftexcmds Info: \pdf@ifprimitive is available.
Package pdftexcmds Info: \pdfdraftmode found.
Package: pdfescape 2016/05/16 v1.14 Implements pdfTeX's escape features (HO)
Package: bigintcalc 2016/05/16 v1.4 Expandable calculations on big integers (HO)
Package: bitset 2016/05/16 v1.2 Handle bit-vector datatype (HO)
Package: uniquecounter 2016/05/16 v1.3 Provide unlimited unique counter (HO)
)
Package hobsub Info: Skipping package `hobsub' (already loaded).
Package: letltxmacro 2016/05/16 v1.5 Let assignment for LaTeX macros (HO)
Package: hopatch 2016/05/16 v1.3 Wrapper for package hooks (HO)
Package: xcolor-patch 2016/05/16 xcolor patch
Package: atveryend 2016/05/16 v1.9 Hooks at the very end of document (HO)
Package atveryend Info: \enddocument detected (standard20110627).
Package: atbegshi 2016/06/09 v1.18 At begin shipout hook (HO)
Package: refcount 2016/05/16 v3.5 Data extraction from label references (HO)
Package: hycolor 2016/05/16 v1.8 Color options for hyperref/bookmark (HO)
) (c:/texlive/2019/texmf-dist/tex/generic/ifxetex/ifxetex.sty
Package: ifxetex 2010/09/12 v0.6 Provides ifxetex conditional
) (c:/texlive/2019/texmf-dist/tex/latex/oberdiek/auxhook.sty
Package: auxhook 2016/05/16 v1.4 Hooks for auxiliary files (HO)
) (c:/texlive/2019/texmf-dist/tex/latex/oberdiek/kvoptions.sty
Package: kvoptions 2016/05/16 v3.12 Key value format for package options (HO)
)
\@linkdim=\dimen114
\Hy@linkcounter=\count100
\Hy@pagecounter=\count101
 (c:/texlive/2019/texmf-dist/tex/latex/hyperref/pd1enc.def
File: pd1enc.def 2019/09/28 v7.00a Hyperref: PDFDocEncoding definition (HO)
Now handling font encoding PD1 ...
... no UTF-8 mapping file for font encoding PD1
)
\Hy@SavedSpaceFactor=\count102
 (c:/texlive/2019/texmf-dist/tex/latex/latexconfig/hyperref.cfg
File: hyperref.cfg 2002/06/06 v1.2 hyperref configuration of TeXLive
)
Package hyperref Info: Hyper figures OFF on input line 4540.
Package hyperref Info: Link nesting OFF on input line 4545.
Package hyperref Info: Hyper index ON on input line 4548.
Package hyperref Info: Plain pages OFF on input line 4555.
Package hyperref Info: Backreferencing OFF on input line 4560.
Package hyperref Info: Implicit mode ON; LaTeX internals redefined.
Package hyperref Info: Bookmarks ON on input line 4793.
\c@Hy@tempcnt=\count103
 (c:/texlive/2019/texmf-dist/tex/latex/url/url.sty
\Urlmuskip=\muskip11
Package: url 2013/09/16  ver 3.4  Verb mode for urls, etc.
)
LaTeX Info: Redefining \url on input line 5152.
\XeTeXLinkMargin=\dimen115
\Fld@menulength=\count104
\Field@Width=\dimen116
\Fld@charsize=\dimen117
Package hyperref Info: Hyper figures OFF on input line 6423.
Package hyperref Info: Link nesting OFF on input line 6428.
Package hyperref Info: Hyper index ON on input line 6431.
Package hyperref Info: backreferencing OFF on input line 6438.
Package hyperref Info: Link coloring OFF on input line 6443.
Package hyperref Info: Link coloring with OCG OFF on input line 6448.
Package hyperref Info: PDF/A mode OFF on input line 6453.
LaTeX Info: Redefining \ref on input line 6493.
LaTeX Info: Redefining \pageref on input line 6497.
\Hy@abspage=\count105
\c@Item=\count106
\c@Hfootnote=\count107
)
Package hyperref Info: Driver (autodetected): hpdftex.
 (c:/texlive/2019/texmf-dist/tex/latex/hyperref/hpdftex.def
File: hpdftex.def 2019/09/28 v7.00a Hyperref driver for pdfTeX
\Fld@listcount=\count108
\c@bookmark@seq@number=\count109
 (c:/texlive/2019/texmf-dist/tex/latex/oberdiek/rerunfilecheck.sty
Package: rerunfilecheck 2016/05/16 v1.8 Rerun checks for auxiliary files (HO)
Package uniquecounter Info: New unique counter `rerunfilecheck' on input line 282.
)
\Hy@SectionHShift=\skip46
) (c:/texlive/2019/texmf-dist/tex/generic/babel/babel.sty
Package: babel 2019/10/15 3.35 The Babel package
 (c:/texlive/2019/texmf-dist/tex/generic/babel/switch.def
File: switch.def 2019/10/15 3.35 Babel switching mechanism
) (c:/texlive/2019/texmf-dist/tex/generic/babel-french/francais.ldf
Language: francais 2019/09/07 v3.5f French support from the babel system


Package francais.ldf Warning: Option `francais' for Babel is *deprecated*,
(francais.ldf)                it might be removed sooner or later. Please
(francais.ldf)                use `french' instead; reported on input line 31.

(c:/texlive/2019/texmf-dist/tex/generic/babel-french/french.ldf
Language: french 2019/09/07 v3.5f French support from the babel system
 (c:/texlive/2019/texmf-dist/tex/generic/babel/babel.def
File: babel.def 2019/10/15 3.35 Babel common definitions
\babel@savecnt=\count110
\U@D=\dimen118
 (c:/texlive/2019/texmf-dist/tex/generic/babel/txtbabel.def)
\bbl@dirlevel=\count111
)
\l@acadian = a dialect from \language\l@french 
\l@canadien = a dialect from \language\l@french 
\FB@nonchar=\count112
Package babel Info: Making : an active character on input line 419.
Package babel Info: Making ; an active character on input line 420.
Package babel Info: Making ! an active character on input line 421.
Package babel Info: Making ? an active character on input line 422.
\FBguill@level=\count113
\FBold@everypar=\toks22
\FB@Mht=\dimen119
\mc@charclass=\count114
\mc@charfam=\count115
\mc@charslot=\count116
\std@mcc=\count117
\dec@mcc=\count118
\c@FBcaption@count=\count119
\listindentFB=\dimen120
\descindentFB=\dimen121
\labelindentFB=\dimen122
\labelwidthFB=\dimen123
\leftmarginFB=\dimen124
\parindentFFN=\dimen125
\FBfnindent=\dimen126
))) (c:/texlive/2019/texmf-dist/tex/latex/carlisle/scalefnt.sty) (c:/texlive/2019/texmf-dist/tex/latex/listings/listings.sty
\lst@mode=\count120
\lst@gtempboxa=\box29
\lst@token=\toks23
\lst@length=\count121
\lst@currlwidth=\dimen127
\lst@column=\count122
\lst@pos=\count123
\lst@lostspace=\dimen128
\lst@width=\dimen129
\lst@newlines=\count124
\lst@lineno=\count125
\lst@maxwidth=\dimen130
 (c:/texlive/2019/texmf-dist/tex/latex/listings/lstmisc.sty
File: lstmisc.sty 2019/09/10 1.8c (Carsten Heinz)
\c@lstnumber=\count126
\lst@skipnumbers=\count127
\lst@framebox=\box30
) (c:/texlive/2019/texmf-dist/tex/latex/listings/listings.cfg
File: listings.cfg 2019/09/10 1.8c listings configuration
))
Package: listings 2019/09/10 1.8c (Carsten Heinz)
 (c:/texlive/2019/texmf-dist/tex/latex/xcolor/xcolor.sty
Package: xcolor 2016/05/11 v2.12 LaTeX color extensions (UK)
 (c:/texlive/2019/texmf-dist/tex/latex/graphics-cfg/color.cfg
File: color.cfg 2016/01/02 v1.6 sample color configuration
)
Package xcolor Info: Driver file: pdftex.def on input line 225.
Package xcolor Info: Model `cmy' substituted by `cmy0' on input line 1348.
Package xcolor Info: Model `hsb' substituted by `rgb' on input line 1352.
Package xcolor Info: Model `RGB' extended on input line 1364.
Package xcolor Info: Model `HTML' substituted by `rgb' on input line 1366.
Package xcolor Info: Model `Hsb' substituted by `hsb' on input line 1367.
Package xcolor Info: Model `tHsb' substituted by `hsb' on input line 1368.
Package xcolor Info: Model `HSB' substituted by `hsb' on input line 1369.
Package xcolor Info: Model `Gray' substituted by `gray' on input line 1370.
Package xcolor Info: Model `wave' substituted by `hsb' on input line 1371.
) (c:/texlive/2019/texmf-dist/tex/latex/listings/lstlang1.sty
File: lstlang1.sty 2019/09/10 1.8c listings language file
) (d:/Study/L3/S6/Réseaux II/cours/cours.aux)
\openout1 = `cours.aux'.

LaTeX Font Info:    Checking defaults for OML/cmm/m/it on input line 44.
LaTeX Font Info:    ... okay on input line 44.
LaTeX Font Info:    Checking defaults for T1/cmr/m/n on input line 44.
LaTeX Font Info:    ... okay on input line 44.
LaTeX Font Info:    Checking defaults for OT1/cmr/m/n on input line 44.
LaTeX Font Info:    ... okay on input line 44.
LaTeX Font Info:    Checking defaults for OMS/cmsy/m/n on input line 44.
LaTeX Font Info:    ... okay on input line 44.
LaTeX Font Info:    Checking defaults for OMX/cmex/m/n on input line 44.
LaTeX Font Info:    ... okay on input line 44.
LaTeX Font Info:    Checking defaults for U/cmr/m/n on input line 44.
LaTeX Font Info:    ... okay on input line 44.
LaTeX Font Info:    Checking defaults for PD1/pdf/m/n on input line 44.
LaTeX Font Info:    ... okay on input line 44.
 (c:/texlive/2019/texmf-dist/tex/context/base/mkii/supp-pdf.mkii
[Loading MPS to PDF converter (version 2006.09.02).]
\scratchcounter=\count128
\scratchdimen=\dimen131
\scratchbox=\box31
\nofMPsegments=\count129
\nofMParguments=\count130
\everyMPshowfont=\toks24
\MPscratchCnt=\count131
\MPscratchDim=\dimen132
\MPnumerator=\count132
\makeMPintoPDFobject=\count133
\everyMPtoPDFconversion=\toks25
) (c:/texlive/2019/texmf-dist/tex/latex/oberdiek/epstopdf-base.sty
Package: epstopdf-base 2016/05/15 v2.6 Base part for package epstopdf
 (c:/texlive/2019/texmf-dist/tex/latex/oberdiek/grfext.sty
Package: grfext 2016/05/16 v1.2 Manage graphics extensions (HO)
)
Package epstopdf-base Info: Redefining graphics rule for `.eps' on input line 438.
Package grfext Info: Graphics extension search list:
(grfext)             [.pdf,.png,.jpg,.mps,.jpeg,.jbig2,.jb2,.PDF,.PNG,.JPG,.JPEG,.JBIG2,.JB2,.eps]
(grfext)             \AppendGraphicsExtensions on input line 456.
 (c:/texlive/2019/texmf-dist/tex/latex/latexconfig/epstopdf-sys.cfg
File: epstopdf-sys.cfg 2010/07/13 v1.3 Configuration of (r)epstopdf for TeX Live
))
\AtBeginShipoutBox=\box32
Package hyperref Info: Link coloring OFF on input line 44.
 (c:/texlive/2019/texmf-dist/tex/latex/hyperref/nameref.sty
Package: nameref 2019/09/16 v2.46 Cross-referencing by name of section
 (c:/texlive/2019/texmf-dist/tex/generic/oberdiek/gettitlestring.sty
Package: gettitlestring 2016/05/16 v1.5 Cleanup title references (HO)
)
\c@section@level=\count134
)
LaTeX Info: Redefining \ref on input line 44.
LaTeX Info: Redefining \pageref on input line 44.
LaTeX Info: Redefining \nameref on input line 44.
 (d:/Study/L3/S6/Réseaux II/cours/cours.out) (d:/Study/L3/S6/Réseaux II/cours/cours.out)
\@outlinefile=\write3
\openout3 = `cours.out'.

LaTeX Info: Redefining \degres on input line 44.
LaTeX Info: Redefining \dots on input line 44.
LaTeX Info: Redefining \up on input line 44.
\c@lstlisting=\count135
 (d:/Study/L3/S6/Réseaux II/cours/cours.toc)
\tf@toc=\write4
\openout4 = `cours.toc'.

 [1

{c:/texlive/2019/texmf-var/fonts/map/pdftex/updmap/pdftex.map}]
Underfull \hbox (badness 10000) in paragraph at lines 55--63

 []


Underfull \hbox (badness 10000) in paragraph at lines 55--63

 []

<captures/1.png, id=25, 240.9pt x 141.52875pt>
File: captures/1.png Graphic file (type png)
<use captures/1.png>
Package pdftex.def Info: captures/1.png  used on input line 65.
(pdftex.def)             Requested size: 240.8994pt x 141.5284pt.

Underfull \hbox (badness 10000) in paragraph at lines 64--71

 []

[2 <./captures/1.png>]
<captures/2.png, id=36, 356.83313pt x 97.86563pt>
File: captures/2.png Graphic file (type png)
<use captures/2.png>
Package pdftex.def Info: captures/2.png  used on input line 73.
(pdftex.def)             Requested size: 356.83224pt x 97.86537pt.

Overfull \hbox (11.83224pt too wide) in paragraph at lines 72--74
[] 
 []

<captures/3.png, id=37, 429.10312pt x 125.71968pt>
File: captures/3.png Graphic file (type png)
<use captures/3.png>
Package pdftex.def Info: captures/3.png  used on input line 75.
(pdftex.def)             Requested size: 429.10207pt x 125.71936pt.

Overfull \hbox (99.10207pt too wide) in paragraph at lines 75--82
[][]
 []


Underfull \hbox (badness 10000) in paragraph at lines 75--82

 []


Underfull \hbox (badness 10000) in paragraph at lines 75--82

 []

<captures/4.png, id=38, 334.24875pt x 194.97844pt>
File: captures/4.png Graphic file (type png)
<use captures/4.png>
Package pdftex.def Info: captures/4.png  used on input line 83.
(pdftex.def)             Requested size: 334.24792pt x 194.97795pt.
<captures/5.png, id=39, 373.395pt x 146.79843pt>
File: captures/5.png Graphic file (type png)
<use captures/5.png>
Package pdftex.def Info: captures/5.png  used on input line 85.
(pdftex.def)             Requested size: 373.39409pt x 146.79807pt.
<captures/6.png, id=40, 382.42876pt x 94.10156pt>
File: captures/6.png Graphic file (type png)
<use captures/6.png>
Package pdftex.def Info: captures/6.png  used on input line 86.
(pdftex.def)             Requested size: 382.42781pt x 94.10132pt.

Overfull \hbox (4.24792pt too wide) in paragraph at lines 83--88
[][] 
 []


Overfull \hbox (28.39409pt too wide) in paragraph at lines 83--88
[] 
 []


Overfull \hbox (37.42781pt too wide) in paragraph at lines 83--88
[] 
 []


Underfull \hbox (badness 10000) in paragraph at lines 83--88

 []


Underfull \hbox (badness 10000) in paragraph at lines 83--88

 []

[3 <./captures/2.png> <./captures/3.png>] [4 <./captures/4.png> <./captures/5.png> <./captures/6.png>]
Underfull \hbox (badness 10000) in paragraph at lines 103--105

 []

<captures/8.PNG, id=57, 184.43906pt x 36.135pt>
File: captures/8.PNG Graphic file (type png)
<use captures/8.PNG>
Package pdftex.def Info: captures/8.PNG  used on input line 107.
(pdftex.def)             Requested size: 184.4386pt x 36.13489pt.

Underfull \hbox (badness 10000) in paragraph at lines 106--109

 []

<captures/9.PNG, id=59, 406.51875pt x 82.80937pt>
File: captures/9.PNG Graphic file (type png)
<use captures/9.PNG>
Package pdftex.def Info: captures/9.PNG  used on input line 110.
(pdftex.def)             Requested size: 406.51775pt x 82.80916pt.

Overfull \hbox (91.5153pt too wide) in paragraph at lines 109--111
[] 
 []

<captures/10.PNG, id=60, 397.485pt x 54.2025pt>
File: captures/10.PNG Graphic file (type png)
<use captures/10.PNG>
Package pdftex.def Info: captures/10.PNG  used on input line 113.
(pdftex.def)             Requested size: 397.48402pt x 54.20236pt.

Overfull \hbox (82.48158pt too wide) in paragraph at lines 112--114
[] 
 []

[5 <./captures/8.PNG> <./captures/9.PNG> <./captures/10.PNG>]
Underfull \hbox (badness 10000) in paragraph at lines 119--120

 []

<captures/11.PNG, id=68, 383.93437pt x 84.315pt>
File: captures/11.PNG Graphic file (type png)
<use captures/11.PNG>
Package pdftex.def Info: captures/11.PNG  used on input line 124.
(pdftex.def)             Requested size: 383.93343pt x 84.31477pt.

Overfull \hbox (38.93343pt too wide) in paragraph at lines 124--127
[]
 []


Underfull \hbox (badness 10000) in paragraph at lines 124--127

 []

<captures/12.PNG, id=69, 457.71pt x 106.89937pt>
File: captures/12.PNG Graphic file (type png)
<use captures/12.PNG>
Package pdftex.def Info: captures/12.PNG  used on input line 129.
(pdftex.def)             Requested size: 457.7089pt x 106.8991pt.

Overfull \hbox (142.70645pt too wide) in paragraph at lines 128--130
[] 
 []

<captures/13.PNG, id=70, 385.44pt x 72.27pt>
File: captures/13.PNG Graphic file (type png)
<use captures/13.PNG>
Package pdftex.def Info: captures/13.PNG  used on input line 134.
(pdftex.def)             Requested size: 385.43906pt x 72.2698pt.

Overfull \hbox (85.43417pt too wide) in paragraph at lines 133--135
[] 
 []

[6 <./captures/11.PNG> <./captures/12.PNG> <./captures/13.PNG>]
<captures/14.PNG, id=78, 429.10312pt x 121.20282pt>
File: captures/14.PNG Graphic file (type png)
<use captures/14.PNG>
Package pdftex.def Info: captures/14.PNG  used on input line 139.
(pdftex.def)             Requested size: 429.10207pt x 121.20251pt.
<captures/15.PNG, id=79, 426.84468pt x 198.7425pt>
File: captures/15.PNG Graphic file (type png)
<use captures/15.PNG>
Package pdftex.def Info: captures/15.PNG  used on input line 142.
(pdftex.def)             Requested size: 426.84364pt x 198.742pt.
<captures/16.PNG, id=80, 385.44pt x 155.83218pt>
File: captures/16.PNG Graphic file (type png)
<use captures/16.PNG>
Package pdftex.def Info: captures/16.PNG  used on input line 147.
(pdftex.def)             Requested size: 385.43906pt x 155.8318pt.
<captures/17.PNG, id=81, 486.31688pt x 158.09062pt>
File: captures/17.PNG Graphic file (type png)
<use captures/17.PNG>
Package pdftex.def Info: captures/17.PNG  used on input line 149.
(pdftex.def)             Requested size: 486.31569pt x 158.09023pt.
<captures/18.PNG, id=82, 476.53032pt x 254.45062pt>
File: captures/18.PNG Graphic file (type png)
<use captures/18.PNG>
Package pdftex.def Info: captures/18.PNG  used on input line 152.
(pdftex.def)             Requested size: 476.52916pt x 254.45pt.
<captures/19.PNG, id=83, 394.47375pt x 54.9553pt>
File: captures/19.PNG Graphic file (type png)
<use captures/19.PNG>
Package pdftex.def Info: captures/19.PNG  used on input line 153.
(pdftex.def)             Requested size: 394.47278pt x 54.95515pt.
<captures/20.PNG, id=84, 449.42906pt x 110.66344pt>
File: captures/20.PNG Graphic file (type png)
<use captures/20.PNG>
Package pdftex.def Info: captures/20.PNG  used on input line 155.
(pdftex.def)             Requested size: 449.42795pt x 110.66315pt.

Overfull \hbox (84.10207pt too wide) in paragraph at lines 138--161
[]
 []


Overfull \hbox (81.84364pt too wide) in paragraph at lines 138--161
[] 
 []


Overfull \hbox (40.43906pt too wide) in paragraph at lines 138--161
[] 
 []


Overfull \hbox (141.31569pt too wide) in paragraph at lines 138--161
[] 
 []


Overfull \hbox (131.52916pt too wide) in paragraph at lines 138--161
[] 
 []


Overfull \hbox (49.47278pt too wide) in paragraph at lines 138--161
[] 
 []


Overfull \hbox (104.42795pt too wide) in paragraph at lines 138--161
[] 
 []


Underfull \hbox (badness 10000) in paragraph at lines 138--161

 []

[7 <./captures/14.PNG> <./captures/15.PNG>] [8 <./captures/16.PNG> <./captures/17.PNG>] [9 <./captures/18.PNG> <./captures/19.PNG> <./captures/20.PNG>]
<captures/21.PNG, id=106, 359.84438pt x 217.5628pt>
File: captures/21.PNG Graphic file (type png)
<use captures/21.PNG>
Package pdftex.def Info: captures/21.PNG  used on input line 163.
(pdftex.def)             Requested size: 359.84349pt x 217.56227pt.
Package atveryend Info: Empty hook `BeforeClearDocument' on input line 164.

Overfull \hbox (14.84349pt too wide) in paragraph at lines 162--164
[] 
 []

[10 <./captures/21.PNG>]
Package atveryend Info: Empty hook `AfterLastShipout' on input line 164.
 (d:/Study/L3/S6/Réseaux II/cours/cours.aux)
Package atveryend Info: Executing hook `AtVeryEndDocument' on input line 164.
Package atveryend Info: Executing hook `AtEndAfterFileList' on input line 164.
Package rerunfilecheck Info: File `cours.out' has not changed.
(rerunfilecheck)             Checksum: 0813CB9FBB91C7C08D45B84163608E51;136.
Package atveryend Info: Empty hook `AtVeryVeryEnd' on input line 164.
 ) 
Here is how much of TeX's memory you used:
 9135 strings out of 492167
 129853 string characters out of 6129158
 430843 words of memory out of 5000000
 13366 multiletter control sequences out of 15000+600000
 15565 words of font info for 41 fonts, out of 8000000 for 9000
 1141 hyphenation exceptions out of 8191
 32i,6n,47p,263b,425s stack positions out of 5000i,500n,10000p,200000b,80000s
{c:/texlive/2019/texmf-dist/fonts/enc/dvips/cm-super/cm-super-t1.enc}<c:/texlive/2019/texmf-dist/fonts/type1/public/amsfonts/cm/cmmi10.pfb><c:/texlive/2019/texmf-dist/fonts/type1/public/amsfonts/cm/cmmi7.pfb><c:/texlive/2019/texmf-dist/fonts/type1/public/amsfonts/cm/cmr10.pfb><c:/texlive/2019/texmf-dist/fonts/type1/public/amsfonts/cm/cmr7.pfb><c:/texlive/2019/texmf-dist/fonts/type1/public/amsfonts/cm/cmsy10.pfb><c:/texlive/2019/texmf-dist/fonts/type1/public/amsfonts/cm/cmsy7.pfb><c:/texlive/2019/texmf-dist/fonts/type1/public/cm-super/sfbx1000.pfb><c:/texlive/2019/texmf-dist/fonts/type1/public/cm-super/sfbx1200.pfb><c:/texlive/2019/texmf-dist/fonts/type1/public/cm-super/sfbx1440.pfb><c:/texlive/2019/texmf-dist/fonts/type1/public/cm-super/sfrm0700.pfb><c:/texlive/2019/texmf-dist/fonts/type1/public/cm-super/sfrm1000.pfb><c:/texlive/2019/texmf-dist/fonts/type1/public/cm-super/sfrm1200.pfb><c:/texlive/2019/texmf-dist/fonts/type1/public/cm-super/sfrm1728.pfb>
Output written on "d:/Study/L3/S6/Réseaux II/cours/cours.pdf" (10 pages, 578089 bytes).
PDF statistics:
 163 PDF objects out of 1000 (max. 8388607)
 102 compressed objects within 2 object streams
 21 named destinations out of 1000 (max. 500000)
 117 words of extra memory for PDF output out of 10000 (max. 10000000)

